2024-10-24 21:22:14.554018 - file "pUTIN.jpg" got caption "a man in a suit and tie standing next to a woman"
2024-10-25 08:26:49.272010 - file "pUTIN.jpg" got caption "a man in a suit and tie standing next to a woman"
2024-10-25 08:26:49.505600 - file "pUTIN.jpg" objects detected
2024-10-25 08:28:14.882940 - file "pUTIN.jpg" saved as "other" category "a photo of unknown stuff"
2024-10-25 08:29:01.302558 - file "pUTIN.jpg" faces foundpUTIN
2024-10-25 08:49:48.363139 - file "puting_group_pic.jpg" got caption "a group of people standing in front of a building"
2024-10-25 08:49:48.543402 - file "puting_group_pic.jpg" objects detected
2024-10-25 08:49:48.716126 - file "puting_group_pic.jpg" saved as "party" category "a photo of a party"
2024-10-25 09:19:15.383554 - file "puting_group_pic.jpg" got caption "a group of people standing in front of a building"
2024-10-25 09:19:15.531809 - file "puting_group_pic.jpg" objects detected
2024-10-25 09:19:15.671370 - file "puting_group_pic.jpg" saved as "party" category "a photo of a party"
2024-10-25 09:19:47.138027 - file "sark1.jpg" got caption "a man with a beard and a white shirt"
2024-10-25 09:19:47.293062 - file "sark1.jpg" objects detected
2024-10-25 09:19:47.430923 - file "sark1.jpg" saved as "man" category "a photo of a man"
2024-10-25 09:21:59.922873 - file "sark1.jpg" got caption "a man with a beard and a white shirt"
2024-10-25 09:22:00.045174 - file "sark1.jpg" objects detected
2024-10-25 09:22:00.164720 - file "sark1.jpg" saved as "man" category "a photo of a man"
2024-10-25 09:23:56.807466 - file "pUTIN.jpg" got caption "a man in a suit and tie standing next to a woman"
2024-10-25 09:23:56.923941 - file "pUTIN.jpg" objects detected
2024-10-25 09:23:57.071245 - file "pUTIN.jpg" saved as "man" category "a photo of a man"
2024-10-25 09:23:57.631203 - file "pUTIN.jpg" faces foundpUTIN
2024-10-25 09:25:40.282496 - file "pasta_sausage_organge_juice.jpg" got caption "spaghetti with sausage and tomato sauce on a plate with a glass of orange juice - stock photo"
2024-10-25 09:25:40.438491 - file "pasta_sausage_organge_juice.jpg" objects detected
2024-10-25 09:25:40.566564 - file "pasta_sausage_organge_juice.jpg" saved as "food" category "a photo of a food"
2024-10-25 09:27:17.778943 - file "RIhana.jpg" got caption "a woman with long blonde hair and a gold choke"
2024-10-25 09:27:18.307528 - file "RIhana.jpg" objects detected
2024-10-25 09:27:18.735403 - file "RIhana.jpg" saved as "woman" category "a photo of a woman"
2024-10-25 09:27:32.651706 - file "RIhana.jpg" faces foundRIhana
2024-10-25 09:31:02.142076 - file "bdghhf.jpg" got caption "two men in graduation robes and one is holding a diploma"
2024-10-25 09:31:02.356532 - file "bdghhf.jpg" objects detected
2024-10-25 09:31:02.526954 - file "bdghhf.jpg" saved as "other" category "a photo of unknown stuff"
2024-10-25 09:34:50.088198 - file "fhfjfjd.jpg" got caption "a man in a graduation gown and cap"
2024-10-25 09:34:50.306872 - file "fhfjfjd.jpg" objects detected
2024-10-25 09:34:50.495083 - file "fhfjfjd.jpg" saved as "man" category "a photo of a man"
2024-10-25 10:05:22.029328 - file "fhfjfjd.jpg" got caption "a man in a graduation gown and cap"
2024-10-25 10:05:22.251100 - file "fhfjfjd.jpg" objects detected
2024-10-25 10:05:22.415795 - file "fhfjfjd.jpg" saved as "man" category "a photo of a man"
2024-10-25 10:05:27.464392 - file "fhfjfjd.jpg" faces found: Sadat
2024-10-25 10:08:51.867408 - file "bdghhf.jpg" got caption "two men in graduation robes and one is holding a diploma"
2024-10-25 10:08:52.060475 - file "bdghhf.jpg" objects detected
2024-10-25 10:08:52.209903 - file "bdghhf.jpg" saved as "other" category "a photo of unknown stuff"
2024-10-25 10:08:57.355202 - file "bdghhf.jpg" faces found: Sadat_and_brother, Sadat_and_brother
2024-10-25 10:10:04.808063 - file "chance.jpg" got caption "graduation ceremony at the university of toronto"
2024-10-25 10:10:05.008965 - file "chance.jpg" objects detected
2024-10-25 10:10:05.224529 - file "chance.jpg" saved as "party" category "a photo of a party"
2024-10-25 10:10:08.677055 - file "chance.jpg" no known faces found
2024-10-25 10:10:49.060470 - file "puting_group_pic.jpg" got caption "a group of people standing in front of a building"
2024-10-25 10:10:49.211878 - file "puting_group_pic.jpg" objects detected
2024-10-25 10:10:49.334706 - file "puting_group_pic.jpg" saved as "party" category "a photo of a party"
2024-10-25 10:10:51.194867 - file "puting_group_pic.jpg" faces found: putin2, putin2, putin2
2024-10-25 10:14:17.143719 - file "car1.jpg" got caption "a red sports car driving on a track"
2024-10-25 10:14:17.320178 - file "car1.jpg" objects detected
2024-10-25 10:14:17.441272 - file "car1.jpg" saved as "cars" category "a photo of a car"
2024-10-25 10:17:19.507287 - file "Girl_and_cat.jpg" got caption "a girl holding a cat"
2024-10-25 10:17:19.671025 - file "Girl_and_cat.jpg" objects detected
2024-10-25 10:17:19.805797 - file "Girl_and_cat.jpg" saved as "cats" category "a photo of cat"
2024-10-25 10:17:20.303340 - file "Girl_and_cat.jpg" faces found: Girl_and_cat
2024-10-25 10:18:18.147631 - file "car_33.jpg" got caption "a man and woman standing next to a car"
2024-10-25 10:18:18.261212 - file "car_33.jpg" objects detected
2024-10-25 10:18:18.425759 - file "car_33.jpg" saved as "cars" category "a photo of a car"
2024-10-25 10:19:20.410784 - file "pUTIN.jpg" got caption "a man in a suit and tie standing next to a woman"
2024-10-25 10:19:20.532180 - file "pUTIN.jpg" objects detected
2024-10-25 10:19:20.673017 - file "pUTIN.jpg" saved as "man" category "a photo of a man"
2024-10-25 10:19:21.244492 - file "pUTIN.jpg" faces found: pUTIN
2024-10-25 10:20:37.129573 - file "fhfjfjd.jpg" got caption "a man in a graduation gown and cap"
2024-10-25 10:20:37.352762 - file "fhfjfjd.jpg" objects detected
2024-10-25 10:20:37.536502 - file "fhfjfjd.jpg" saved as "man" category "a photo of a man"
2024-10-25 10:20:42.564269 - file "fhfjfjd.jpg" faces found: Sadat
2024-10-25 11:10:30.435807 - file "fhfjfjd.jpg" got caption "a man in a graduation gown and cap"
2024-10-25 11:10:30.653086 - file "fhfjfjd.jpg" objects detected
2024-10-25 11:10:30.830202 - file "fhfjfjd.jpg" saved as "man" category "a photo of a man"
2024-10-25 11:10:35.801101 - file "fhfjfjd.jpg" faces found: Sadat
2024-10-25 11:15:28.083745 - file "fhfjfjd.jpg" got caption "a man in a graduation gown and cap"
2024-10-25 11:15:28.298022 - file "fhfjfjd.jpg" objects detected
2024-10-25 11:15:28.462350 - file "fhfjfjd.jpg" saved as "man" category "a photo of a man"
2024-10-25 11:15:33.392406 - file "fhfjfjd.jpg" faces found: Sadat
