2024-10-24 21:22:14.554018 - file "pUTIN.jpg" got caption "a man in a suit and tie standing next to a woman"
2024-10-25 08:26:49.272010 - file "pUTIN.jpg" got caption "a man in a suit and tie standing next to a woman"
2024-10-25 08:26:49.505600 - file "pUTIN.jpg" objects detected
2024-10-25 08:28:14.882940 - file "pUTIN.jpg" saved as "other" category "a photo of unknown stuff"
2024-10-25 08:29:01.302558 - file "pUTIN.jpg" faces foundpUTIN
2024-10-25 08:49:48.363139 - file "puting_group_pic.jpg" got caption "a group of people standing in front of a building"
2024-10-25 08:49:48.543402 - file "puting_group_pic.jpg" objects detected
2024-10-25 08:49:48.716126 - file "puting_group_pic.jpg" saved as "party" category "a photo of a party"
2024-10-25 09:19:15.383554 - file "puting_group_pic.jpg" got caption "a group of people standing in front of a building"
2024-10-25 09:19:15.531809 - file "puting_group_pic.jpg" objects detected
2024-10-25 09:19:15.671370 - file "puting_group_pic.jpg" saved as "party" category "a photo of a party"
2024-10-25 09:19:47.138027 - file "sark1.jpg" got caption "a man with a beard and a white shirt"
2024-10-25 09:19:47.293062 - file "sark1.jpg" objects detected
2024-10-25 09:19:47.430923 - file "sark1.jpg" saved as "man" category "a photo of a man"
2024-10-25 09:21:59.922873 - file "sark1.jpg" got caption "a man with a beard and a white shirt"
2024-10-25 09:22:00.045174 - file "sark1.jpg" objects detected
2024-10-25 09:22:00.164720 - file "sark1.jpg" saved as "man" category "a photo of a man"
2024-10-25 09:23:56.807466 - file "pUTIN.jpg" got caption "a man in a suit and tie standing next to a woman"
2024-10-25 09:23:56.923941 - file "pUTIN.jpg" objects detected
2024-10-25 09:23:57.071245 - file "pUTIN.jpg" saved as "man" category "a photo of a man"
2024-10-25 09:23:57.631203 - file "pUTIN.jpg" faces foundpUTIN
2024-10-25 09:25:40.282496 - file "pasta_sausage_organge_juice.jpg" got caption "spaghetti with sausage and tomato sauce on a plate with a glass of orange juice - stock photo"
2024-10-25 09:25:40.438491 - file "pasta_sausage_organge_juice.jpg" objects detected
2024-10-25 09:25:40.566564 - file "pasta_sausage_organge_juice.jpg" saved as "food" category "a photo of a food"
2024-10-25 09:27:17.778943 - file "RIhana.jpg" got caption "a woman with long blonde hair and a gold choke"
2024-10-25 09:27:18.307528 - file "RIhana.jpg" objects detected
2024-10-25 09:27:18.735403 - file "RIhana.jpg" saved as "woman" category "a photo of a woman"
2024-10-25 09:27:32.651706 - file "RIhana.jpg" faces foundRIhana
2024-10-25 09:31:02.142076 - file "bdghhf.jpg" got caption "two men in graduation robes and one is holding a diploma"
2024-10-25 09:31:02.356532 - file "bdghhf.jpg" objects detected
2024-10-25 09:31:02.526954 - file "bdghhf.jpg" saved as "other" category "a photo of unknown stuff"
2024-10-25 09:34:50.088198 - file "fhfjfjd.jpg" got caption "a man in a graduation gown and cap"
2024-10-25 09:34:50.306872 - file "fhfjfjd.jpg" objects detected
2024-10-25 09:34:50.495083 - file "fhfjfjd.jpg" saved as "man" category "a photo of a man"
2024-10-25 10:05:22.029328 - file "fhfjfjd.jpg" got caption "a man in a graduation gown and cap"
2024-10-25 10:05:22.251100 - file "fhfjfjd.jpg" objects detected
2024-10-25 10:05:22.415795 - file "fhfjfjd.jpg" saved as "man" category "a photo of a man"
2024-10-25 10:05:27.464392 - file "fhfjfjd.jpg" faces found: Sadat
2024-10-25 10:08:51.867408 - file "bdghhf.jpg" got caption "two men in graduation robes and one is holding a diploma"
2024-10-25 10:08:52.060475 - file "bdghhf.jpg" objects detected
2024-10-25 10:08:52.209903 - file "bdghhf.jpg" saved as "other" category "a photo of unknown stuff"
2024-10-25 10:08:57.355202 - file "bdghhf.jpg" faces found: Sadat_and_brother, Sadat_and_brother
2024-10-25 10:10:04.808063 - file "chance.jpg" got caption "graduation ceremony at the university of toronto"
2024-10-25 10:10:05.008965 - file "chance.jpg" objects detected
2024-10-25 10:10:05.224529 - file "chance.jpg" saved as "party" category "a photo of a party"
2024-10-25 10:10:08.677055 - file "chance.jpg" no known faces found
2024-10-25 10:10:49.060470 - file "puting_group_pic.jpg" got caption "a group of people standing in front of a building"
2024-10-25 10:10:49.211878 - file "puting_group_pic.jpg" objects detected
2024-10-25 10:10:49.334706 - file "puting_group_pic.jpg" saved as "party" category "a photo of a party"
2024-10-25 10:10:51.194867 - file "puting_group_pic.jpg" faces found: putin2, putin2, putin2
2024-10-25 10:14:17.143719 - file "car1.jpg" got caption "a red sports car driving on a track"
2024-10-25 10:14:17.320178 - file "car1.jpg" objects detected
2024-10-25 10:14:17.441272 - file "car1.jpg" saved as "cars" category "a photo of a car"
2024-10-25 10:17:19.507287 - file "Girl_and_cat.jpg" got caption "a girl holding a cat"
2024-10-25 10:17:19.671025 - file "Girl_and_cat.jpg" objects detected
2024-10-25 10:17:19.805797 - file "Girl_and_cat.jpg" saved as "cats" category "a photo of cat"
2024-10-25 10:17:20.303340 - file "Girl_and_cat.jpg" faces found: Girl_and_cat
2024-10-25 10:18:18.147631 - file "car_33.jpg" got caption "a man and woman standing next to a car"
2024-10-25 10:18:18.261212 - file "car_33.jpg" objects detected
2024-10-25 10:18:18.425759 - file "car_33.jpg" saved as "cars" category "a photo of a car"
2024-10-25 10:19:20.410784 - file "pUTIN.jpg" got caption "a man in a suit and tie standing next to a woman"
2024-10-25 10:19:20.532180 - file "pUTIN.jpg" objects detected
2024-10-25 10:19:20.673017 - file "pUTIN.jpg" saved as "man" category "a photo of a man"
2024-10-25 10:19:21.244492 - file "pUTIN.jpg" faces found: pUTIN
2024-10-25 10:20:37.129573 - file "fhfjfjd.jpg" got caption "a man in a graduation gown and cap"
2024-10-25 10:20:37.352762 - file "fhfjfjd.jpg" objects detected
2024-10-25 10:20:37.536502 - file "fhfjfjd.jpg" saved as "man" category "a photo of a man"
2024-10-25 10:20:42.564269 - file "fhfjfjd.jpg" faces found: Sadat
2024-10-25 11:10:30.435807 - file "fhfjfjd.jpg" got caption "a man in a graduation gown and cap"
2024-10-25 11:10:30.653086 - file "fhfjfjd.jpg" objects detected
2024-10-25 11:10:30.830202 - file "fhfjfjd.jpg" saved as "man" category "a photo of a man"
2024-10-25 11:10:35.801101 - file "fhfjfjd.jpg" faces found: Sadat
2024-10-25 11:15:28.083745 - file "fhfjfjd.jpg" got caption "a man in a graduation gown and cap"
2024-10-25 11:15:28.298022 - file "fhfjfjd.jpg" objects detected
2024-10-25 11:15:28.462350 - file "fhfjfjd.jpg" saved as "man" category "a photo of a man"
2024-10-25 11:15:33.392406 - file "fhfjfjd.jpg" faces found: Sadat
2024-10-25 13:50:05.406360 - file "trump22.jpg" got caption "a man in a suit and tie is smiling"
2024-10-25 13:50:05.571678 - file "trump22.jpg" objects detected
2024-10-25 13:50:05.692127 - file "trump22.jpg" saved as "man" category "a photo of a man"
2024-10-25 13:50:06.123710 - file "trump22.jpg" faces found: trump22
2024-10-25 13:50:33.786165 - file "kamala-harris.jpg" got caption "a woman in a suit sitting at a desk"
2024-10-25 13:50:33.906177 - file "kamala-harris.jpg" objects detected
2024-10-25 13:50:34.043623 - file "kamala-harris.jpg" saved as "woman" category "a photo of a woman"
2024-10-25 13:50:34.757167 - file "kamala-harris.jpg" faces found: kamala-harris
2024-10-25 13:52:37.207331 - file "kamala-harris.jpg" got caption "a woman in a suit sitting at a desk"
2024-10-25 13:52:37.311075 - file "kamala-harris.jpg" objects detected
2024-10-25 13:52:37.455568 - file "kamala-harris.jpg" saved as "woman" category "a photo of a woman"
2024-10-25 13:52:38.173077 - file "kamala-harris.jpg" faces found: kamala-harris
2024-10-25 15:24:20.117949 - file "car_33.jpg" got caption "a man and woman standing next to a car"
2024-10-25 15:24:20.229022 - file "car_33.jpg" objects detected
2024-10-25 15:24:20.349895 - file "car_33.jpg" saved as "cars" category "a photo of a car"
2024-10-25 15:53:08.183083 - file "car_33.jpg" got caption "a man and woman standing next to a car"
2024-10-25 15:53:08.318399 - file "car_33.jpg" objects detected
2024-10-25 15:53:08.448845 - file "car_33.jpg" saved as "cars" category "a photo of a car"
2024-10-25 15:53:34.622266 - file "Girl_and_cat.jpg" got caption "a girl holding a cat"
2024-10-25 15:53:34.766285 - file "Girl_and_cat.jpg" objects detected
2024-10-25 15:53:34.912773 - file "Girl_and_cat.jpg" saved as "cats" category "a photo of cat"
2024-10-25 15:53:35.412714 - file "Girl_and_cat.jpg" faces found: Girl_and_cat
2024-10-25 15:57:05.817084 - file "pUTIN.jpg" got caption "a man in a suit and tie standing next to a woman"
2024-10-25 15:57:05.931403 - file "pUTIN.jpg" objects detected
2024-10-25 15:57:06.054353 - file "pUTIN.jpg" saved as "man" category "a photo of a man"
2024-10-25 15:57:06.621773 - file "pUTIN.jpg" faces found: pUTIN
2024-10-25 16:02:49.836790 - file "pUTIN.jpg" got caption "a man in a suit and tie standing next to a woman"
2024-10-25 16:02:49.966509 - file "pUTIN.jpg" objects detected
2024-10-25 16:02:50.111874 - file "pUTIN.jpg" saved as "man" category "a photo of a man"
2024-10-25 16:02:50.685222 - file "pUTIN.jpg" faces found: pUTIN
2024-10-25 16:09:34.460636 - file "trump22.jpg" got caption "a man in a suit and tie is smiling"
2024-10-25 16:09:34.604754 - file "trump22.jpg" objects detected
2024-10-25 16:09:34.725046 - file "trump22.jpg" saved as "man" category "a photo of a man"
2024-10-25 16:09:35.165701 - file "trump22.jpg" faces found: trump22
2024-10-25 16:10:30.109783 - file "lion4.jpg" got caption "a lion laying down next to a tree"
2024-10-25 16:10:30.247499 - file "lion4.jpg" objects detected
2024-10-25 16:10:30.411084 - file "lion4.jpg" saved as "lion" category "a photo of a lion"
2024-10-25 16:10:53.035627 - file "lion4.jpg" got caption "a lion laying down next to a tree"
2024-10-25 16:10:53.197639 - file "lion4.jpg" objects detected
2024-10-25 16:10:53.363072 - file "lion4.jpg" saved as "lion" category "a photo of a lion"
2024-10-25 16:11:07.497377 - file "lion4.jpg" got caption "a photo of a lion laying down in the shade"
2024-10-25 16:11:07.619807 - file "lion4.jpg" objects detected
2024-10-25 16:11:07.737283 - file "lion4.jpg" saved as "lion" category "a photo of a lion"
2024-10-25 16:11:58.626146 - file "puting_group_pic.jpg" got caption "a photo of a group of people posing for a picture"
2024-10-25 16:11:58.782936 - file "puting_group_pic.jpg" objects detected
2024-10-25 16:11:58.899546 - file "puting_group_pic.jpg" saved as "party" category "a photo of a party"
2024-10-25 16:12:00.791182 - file "puting_group_pic.jpg" faces found: putin2, putin2, putin2
2024-10-25 16:13:25.811283 - file "Girl_and_cat.jpg" got caption "a photo of a girl holding a cat"
2024-10-25 16:13:25.949803 - file "Girl_and_cat.jpg" objects detected
2024-10-25 16:13:26.069364 - file "Girl_and_cat.jpg" saved as "cats" category "a photo of cat"
2024-10-25 16:13:26.586642 - file "Girl_and_cat.jpg" faces found: Girl_and_cat
2024-10-25 16:19:10.003613 - file "pasta_sausage_organge_juice.jpg" got caption "spaghetti with sausage and tomato sauce on a plate with a glass of orange juice - stock photo"
2024-10-25 16:19:10.142601 - file "pasta_sausage_organge_juice.jpg" objects detected
2024-10-25 16:19:10.266722 - file "pasta_sausage_organge_juice.jpg" saved as "food" category "a photo of a food"
